<?xml version="1.0" encoding="UTF-8"?>
<!-- Generated by org.testng.reporters.JUnitReportReporter -->
<testsuite skipped="0" hostname="DESKTOP-UKFFJ6S" name="Com.freeCRM.Testcases.HomePage" tests="1" failures="0" timestamp="2020-04-30T15:30:49 CEST" time="21.048" errors="0">
  <testcase name="clickContact" time="21.048" classname="Com.freeCRM.Testcases.HomePage"/>
  <system-out/>
</testsuite> <!-- Com.freeCRM.Testcases.HomePage -->
