<?xml version="1.0" encoding="UTF-8"?>
<!-- Generated by org.testng.reporters.JUnitReportReporter -->
<testsuite skipped="0" hostname="DESKTOP-UKFFJ6S" name="Com.freeCRM.Testcases.Exemple" tests="1" failures="0" timestamp="2020-04-24T20:47:55 CEST" time="0.018" errors="0">
  <testcase name="printValues" time="0.018" classname="Com.freeCRM.Testcases.Exemple"/>
  <system-out/>
</testsuite> <!-- Com.freeCRM.Testcases.Exemple -->
