<?xml version="1.0" encoding="UTF-8"?>
<!-- Generated by org.testng.reporters.JUnitReportReporter -->
<testsuite skipped="0" hostname="DESKTOP-UKFFJ6S" name="Com.freeCRM.Testcases.LoginPage" tests="4" failures="0" timestamp="2020-04-30T15:30:49 CEST" time="71.572" errors="0">
  <testcase name="titleTest" time="19.148" classname="Com.freeCRM.Testcases.LoginPage"/>
  <system-out/>
  <testcase name="titleTest" time="17.116" classname="Com.freeCRM.Testcases.LoginPage"/>
  <system-out/>
  <testcase name="titleTest" time="18.034" classname="Com.freeCRM.Testcases.LoginPage"/>
  <system-out/>
  <testcase name="titleTest" time="17.274" classname="Com.freeCRM.Testcases.LoginPage"/>
  <system-out/>
</testsuite> <!-- Com.freeCRM.Testcases.LoginPage -->
