<?xml version="1.0" encoding="UTF-8"?>
<!-- Generated by org.testng.reporters.JUnitReportReporter -->
<testsuite skipped="0" hostname="DESKTOP-UKFFJ6S" name="Com.freeCRM.Testcases.ContactPageTest" tests="3" failures="0" timestamp="2020-04-30T15:30:49 CEST" time="93.614" errors="0">
  <testcase name="addContact" time="32.613" classname="Com.freeCRM.Testcases.ContactPageTest"/>
  <system-out/>
  <testcase name="addContact" time="30.229" classname="Com.freeCRM.Testcases.ContactPageTest"/>
  <system-out/>
  <testcase name="addContact" time="30.772" classname="Com.freeCRM.Testcases.ContactPageTest"/>
  <system-out/>
</testsuite> <!-- Com.freeCRM.Testcases.ContactPageTest -->
