<?xml version="1.0" encoding="UTF-8"?>
<!-- Generated by org.testng.reporters.JUnitReportReporter -->
<testsuite skipped="0" hostname="DESKTOP-UKFFJ6S" name="Com.freeCRM.Testcases.TakeVideo" tests="1" failures="0" timestamp="2020-04-25T11:49:01 CEST" time="8.730" errors="0">
  <testcase name="video" time="8.730" classname="Com.freeCRM.Testcases.TakeVideo"/>
  <system-out/>
</testsuite> <!-- Com.freeCRM.Testcases.TakeVideo -->
